#
# A fatal error has been detected by the Java Runtime Environment:
#
#  SIGSEGV (0xb) at pc=0x00007ff1895c90ad, pid=11653, tid=22444
#
# JRE version: OpenJDK Runtime Environment (11.0.11+9) (build 11.0.11+9-Ubuntu-0ubuntu2.20.04)
# Java VM: OpenJDK 64-Bit Server VM (11.0.11+9-Ubuntu-0ubuntu2.20.04, mixed mode, sharing, tiered, compressed oops, g1 gc, linux-amd64)
# Problematic frame:
# C  [libjimage.so+0x30ad]
#
# Core dump will be written. Default location: Core dumps may be processed with "/usr/share/apport/apport %p %s %c %d %P %E" (or dumping to /home/hieunguyen810/Documents/demo/core.11653)
#
# If you would like to submit a bug report, please visit:
#   https://bugs.launchpad.net/ubuntu/+source/openjdk-lts
#

---------------  S U M M A R Y ------------

Command Line: -agentlib:jdwp=transport=dt_socket,server=n,suspend=y,address=localhost:39545 -Dfile.encoding=UTF-8 com.example.demo.DemoApplication

Host: Intel(R) Core(TM) i5-7200U CPU @ 2.50GHz, 4 cores, 3G, Ubuntu 20.04.2 LTS
Time: Sun Aug  8 15:54:05 2021 +07 elapsed time: 1111.540164 seconds (0d 0h 18m 31s)

---------------  T H R E A D  ---------------

Current thread (0x00007ff110003800):  JavaThread "SpringApplicationShutdownHook" [_thread_in_vm, id=22444, stack(0x00007ff14e045000,0x00007ff14e146000)]

Stack: [0x00007ff14e045000,0x00007ff14e146000],  sp=0x00007ff14e142590,  free space=1013k
Native frames: (J=compiled Java code, A=aot compiled Java code, j=interpreted, Vv=VM code, C=native code)
C  [libjimage.so+0x30ad]
C  [libjimage.so+0x3da2]
C  [libjimage.so+0x4291]  JIMAGE_FindResource+0xf1
V  [libjvm.so+0x5b0731]
V  [libjvm.so+0x5b2ee1]
V  [libjvm.so+0xdea23d]
V  [libjvm.so+0xde8dca]
V  [libjvm.so+0xdeb38b]
V  [libjvm.so+0x6624ce]
V  [libjvm.so+0x850e76]
j  java.net.NetworkInterface.enumerationFromArray([Ljava/lang/Object;)Ljava/util/Enumeration;+0 java.base@11.0.11
j  java.net.NetworkInterface.getNetworkInterfaces()Ljava/util/Enumeration;+14 java.base@11.0.11
j  org.apache.tomcat.util.net.AbstractEndpoint.getUnlockAddress(Ljava/net/InetSocketAddress;)Ljava/net/InetSocketAddress;+14
j  org.apache.tomcat.util.net.AbstractEndpoint.unlockAccept()V+97
j  org.apache.tomcat.util.net.NioEndpoint.unlockAccept()V+8
j  org.apache.tomcat.util.net.AbstractEndpoint.closeServerSocketGraceful()V+23
j  org.apache.coyote.AbstractProtocol.closeServerSocketGraceful()V+4
j  org.apache.catalina.core.StandardService.stopInternal()V+35
j  org.apache.catalina.util.LifecycleBase.stop()V+214
j  org.apache.catalina.core.StandardServer.stopInternal()V+82
j  org.apache.catalina.util.LifecycleBase.stop()V+214
j  org.apache.catalina.startup.Tomcat.stop()V+9
j  org.springframework.boot.web.embedded.tomcat.TomcatWebServer.stopTomcat()V+29
j  org.springframework.boot.web.embedded.tomcat.TomcatWebServer.stop()V+32
j  org.springframework.boot.web.servlet.context.WebServerStartStopLifecycle.stop()V+4
j  org.springframework.context.SmartLifecycle.stop(Ljava/lang/Runnable;)V+1
j  org.springframework.context.support.DefaultLifecycleProcessor.doStop(Ljava/util/Map;Ljava/lang/String;Ljava/util/concurrent/CountDownLatch;Ljava/util/Set;)V+174
j  org.springframework.context.support.DefaultLifecycleProcessor.access$300(Lorg/springframework/context/support/DefaultLifecycleProcessor;Ljava/util/Map;Ljava/lang/String;Ljava/util/concurrent/CountDownLatch;Ljava/util/Set;)V+6
j  org.springframework.context.support.DefaultLifecycleProcessor$LifecycleGroup.stop()V+176
j  org.springframework.context.support.DefaultLifecycleProcessor.stopBeans()V+100
j  org.springframework.context.support.DefaultLifecycleProcessor.onClose()V+1
j  org.springframework.context.support.AbstractApplicationContext.doClose()V+111
j  org.springframework.boot.web.servlet.context.ServletWebServerApplicationContext.doClose()V+15
j  org.springframework.context.support.AbstractApplicationContext.close()V+8
j  org.springframework.boot.SpringApplicationShutdownHook.closeAndWait(Lorg/springframework/context/ConfigurableApplicationContext;)V+11
j  org.springframework.boot.SpringApplicationShutdownHook$$Lambda$700.accept(Ljava/lang/Object;)V+8
j  java.lang.Iterable.forEach(Ljava/util/function/Consumer;)V+30 java.base@11.0.11
j  org.springframework.boot.SpringApplicationShutdownHook.run()V+71
j  java.lang.Thread.run()V+11 java.base@11.0.11
v  ~StubRoutines::call_stub
V  [libjvm.so+0x859b69]
V  [libjvm.so+0x8581be]
V  [libjvm.so+0x903dd1]
V  [libjvm.so+0xe2105f]
V  [libjvm.so+0xe1d690]
V  [libjvm.so+0xbdac76]

Java frames: (J=compiled Java code, j=interpreted, Vv=VM code)
j  java.net.NetworkInterface.enumerationFromArray([Ljava/lang/Object;)Ljava/util/Enumeration;+0 java.base@11.0.11
j  java.net.NetworkInterface.getNetworkInterfaces()Ljava/util/Enumeration;+14 java.base@11.0.11
j  org.apache.tomcat.util.net.AbstractEndpoint.getUnlockAddress(Ljava/net/InetSocketAddress;)Ljava/net/InetSocketAddress;+14
j  org.apache.tomcat.util.net.AbstractEndpoint.unlockAccept()V+97
j  org.apache.tomcat.util.net.NioEndpoint.unlockAccept()V+8
j  org.apache.tomcat.util.net.AbstractEndpoint.closeServerSocketGraceful()V+23
j  org.apache.coyote.AbstractProtocol.closeServerSocketGraceful()V+4
j  org.apache.catalina.core.StandardService.stopInternal()V+35
j  org.apache.catalina.util.LifecycleBase.stop()V+214
j  org.apache.catalina.core.StandardServer.stopInternal()V+82
j  org.apache.catalina.util.LifecycleBase.stop()V+214
j  org.apache.catalina.startup.Tomcat.stop()V+9
j  org.springframework.boot.web.embedded.tomcat.TomcatWebServer.stopTomcat()V+29
j  org.springframework.boot.web.embedded.tomcat.TomcatWebServer.stop()V+32
j  org.springframework.boot.web.servlet.context.WebServerStartStopLifecycle.stop()V+4
j  org.springframework.context.SmartLifecycle.stop(Ljava/lang/Runnable;)V+1
j  org.springframework.context.support.DefaultLifecycleProcessor.doStop(Ljava/util/Map;Ljava/lang/String;Ljava/util/concurrent/CountDownLatch;Ljava/util/Set;)V+174
j  org.springframework.context.support.DefaultLifecycleProcessor.access$300(Lorg/springframework/context/support/DefaultLifecycleProcessor;Ljava/util/Map;Ljava/lang/String;Ljava/util/concurrent/CountDownLatch;Ljava/util/Set;)V+6
j  org.springframework.context.support.DefaultLifecycleProcessor$LifecycleGroup.stop()V+176
j  org.springframework.context.support.DefaultLifecycleProcessor.stopBeans()V+100
j  org.springframework.context.support.DefaultLifecycleProcessor.onClose()V+1
j  org.springframework.context.support.AbstractApplicationContext.doClose()V+111
j  org.springframework.boot.web.servlet.context.ServletWebServerApplicationContext.doClose()V+15
j  org.springframework.context.support.AbstractApplicationContext.close()V+8
j  org.springframework.boot.SpringApplicationShutdownHook.closeAndWait(Lorg/springframework/context/ConfigurableApplicationContext;)V+11
j  org.springframework.boot.SpringApplicationShutdownHook$$Lambda$700.accept(Ljava/lang/Object;)V+8
j  java.lang.Iterable.forEach(Ljava/util/function/Consumer;)V+30 java.base@11.0.11
j  org.springframework.boot.SpringApplicationShutdownHook.run()V+71
j  java.lang.Thread.run()V+11 java.base@11.0.11
v  ~StubRoutines::call_stub

siginfo: si_signo: 11 (SIGSEGV), si_code: 1 (SEGV_MAPERR), si_addr: 0x00007ff17b88ecf0

Register to memory mapping:

RAX=0x0000000000005b35 is an unknown value
RBX=0x00007ff14e142641 is pointing into the stack for thread: 0x00007ff110003800
RCX=0x00007ff14e142664 is pointing into the stack for thread: 0x00007ff110003800
RDX=0x0000000000005b35 is an unknown value
RSP=0x00007ff14e142590 is pointing into the stack for thread: 0x00007ff110003800
RBP=0x00007ff14e1425b0 is pointing into the stack for thread: 0x00007ff110003800
RSI=0x0 is NULL
RDI=0x00007ff1895ce030: <offset 0x0000000000008030> in /usr/lib/jvm/java-11-openjdk-amd64/lib/libjimage.so at 0x00007ff1895c6000
R8 =0x00007ff17b87801c is an unknown value
R9 =0x00007ff14e143450 is pointing into the stack for thread: 0x00007ff110003800
R10=0x0000000000000021 is an unknown value
R11=0x00007ff14e1437b8 is pointing into the stack for thread: 0x00007ff110003800
R12=0x000000000000843b is an unknown value
R13=0x00007ff14e142640 is pointing into the stack for thread: 0x00007ff110003800
R14=0x0 is NULL
R15=0x00007ff13c8b9380 points into unknown readable memory: 0x74656e2f6176616a | 6a 61 76 61 2f 6e 65 74


Registers:
RAX=0x0000000000005b35, RBX=0x00007ff14e142641, RCX=0x00007ff14e142664, RDX=0x0000000000005b35
RSP=0x00007ff14e142590, RBP=0x00007ff14e1425b0, RSI=0x0000000000000000, RDI=0x00007ff1895ce030
R8 =0x00007ff17b87801c, R9 =0x00007ff14e143450, R10=0x0000000000000021, R11=0x00007ff14e1437b8
R12=0x000000000000843b, R13=0x00007ff14e142640, R14=0x0000000000000000, R15=0x00007ff13c8b9380
RIP=0x00007ff1895c90ad, EFLAGS=0x0000000000010246, CSGSFS=0x002b000000000033, ERR=0x0000000000000004
  TRAPNO=0x000000000000000e

Top of Stack: (sp=0x00007ff14e142590)
0x00007ff14e142590:   00007ff14e142b30 00007ff14e1436d8
0x00007ff14e1425a0:   00007ff184009980 00007ff14e142640
0x00007ff14e1425b0:   00007ff14e142620 00007ff1895c9da2
0x00007ff14e1425c0:   0000000000000002 00007ff18a9bd3b1 

Instructions: (pc=0x00007ff1895c90ad)
0x00007ff1895c8fad:   f3 ff ff 44 03 65 90 e9 3f fe ff ff 0f 1f 80 00
0x00007ff1895c8fbd:   00 00 00 41 8b 10 41 89 55 00 41 8b 54 00 fc 41
0x00007ff1895c8fcd:   89 54 05 fc e9 82 fc ff ff 66 2e 0f 1f 84 00 00
0x00007ff1895c8fdd:   00 00 00 b9 0a 00 00 00 e9 f0 fc ff ff 41 0f b7
0x00007ff1895c8fed:   54 00 fe 66 41 89 54 05 fe e9 5d fc ff ff 0f 1f
0x00007ff1895c8ffd:   44 00 00 f3 0f 1e fa 0f b6 17 89 f0 89 f1 4c 8d
0x00007ff1895c900d:   47 01 84 d2 74 1c 0f 1f 44 00 00 69 c9 93 01 00
0x00007ff1895c901d:   01 49 83 c0 01 31 d1 41 0f b6 50 ff 84 d2 75 eb
0x00007ff1895c902d:   89 c8 25 ff ff ff 7f c3 90 66 2e 0f 1f 84 00 00
0x00007ff1895c903d:   00 00 00 f3 0f 1e fa 48 85 d2 0f 84 da 00 00 00
0x00007ff1895c904d:   55 48 89 e5 41 55 41 54 41 89 cc 53 48 83 ec 08
0x00007ff1895c905d:   85 c9 0f 84 ba 00 00 00 49 89 f5 48 8d 5e 01 0f
0x00007ff1895c906d:   b6 36 49 89 d0 40 84 f6 0f 84 9d 00 00 00 48 89
0x00007ff1895c907d:   d9 b8 93 01 00 01 0f 1f 44 00 00 69 d0 93 01 00
0x00007ff1895c908d:   01 48 83 c1 01 40 0f b6 c6 0f b6 71 ff 31 d0 40
0x00007ff1895c909d:   84 f6 75 e7 25 ff ff ff 7f 31 d2 41 f7 f4 89 d0
0x00007ff1895c90ad:   41 8b 34 80 48 8b 07 ff 50 20 85 c0 7f 15 74 62
0x00007ff1895c90bd:   f7 d0 41 89 c0 48 83 c4 08 44 89 c0 5b 41 5c 41
0x00007ff1895c90cd:   5d 5d c3 41 0f b6 4d 00 89 c6 84 c9 74 1b 0f 1f
0x00007ff1895c90dd:   44 00 00 69 f6 93 01 00 01 48 83 c3 01 31 ce 0f
0x00007ff1895c90ed:   b6 4b ff 84 c9 75 ec 89 f0 25 ff ff ff 7f 31 d2
0x00007ff1895c90fd:   48 83 c4 08 41 f7 f4 5b 41 5c 41 5d 5d 41 89 d0
0x00007ff1895c910d:   44 89 c0 c3 0f 1f 80 00 00 00 00 b8 93 01 00 01
0x00007ff1895c911d:   eb 87 41 b8 ff ff ff ff eb 9b 41 83 c8 ff 44 89
0x00007ff1895c912d:   c0 c3 90 f3 0f 1e fa eb 1d 66 2e 0f 1f 84 00 00
0x00007ff1895c913d:   00 00 00 0f b6 16 84 d2 74 13 38 c2 75 15 48 83
0x00007ff1895c914d:   c7 01 48 83 c6 01 0f b6 07 84 c0 75 e6 48 89 f8
0x00007ff1895c915d:   c3 66 90 31 c0 c3 90 66 66 2e 0f 1f 84 00 00 00
0x00007ff1895c916d:   00 00 90 f3 0f 1e fa 48 85 f6 74 51 0f b6 06 84
0x00007ff1895c917d:   c0 74 4a 0f b6 d0 83 e0 07 c1 fa 03 44 8d 50 01
0x00007ff1895c918d:   0f b6 c0 41 89 d1 4c 8d 44 06 02 48 8d 56 01 31
0x00007ff1895c919d:   c0 66 90 0f b6 0a 48 c1 e0 08 48 83 c2 01 48 09 


Stack slot to memory mapping:
stack at sp + 0 slots: 0x00007ff14e142b30 is pointing into the stack for thread: 0x00007ff110003800
stack at sp + 1 slots: 0x00007ff14e1436d8 is pointing into the stack for thread: 0x00007ff110003800
stack at sp + 2 slots: 0x00007ff184009980 points into unknown readable memory: 0x0000000000000000 | 00 00 00 00 00 00 00 00
stack at sp + 3 slots: 0x00007ff14e142640 is pointing into the stack for thread: 0x00007ff110003800
stack at sp + 4 slots: 0x00007ff14e142620 is pointing into the stack for thread: 0x00007ff110003800
stack at sp + 5 slots: 0x00007ff1895c9da2: <offset 0x0000000000003da2> in /usr/lib/jvm/java-11-openjdk-amd64/lib/libjimage.so at 0x00007ff1895c6000
stack at sp + 6 slots: 0x0000000000000002 is an unknown value
stack at sp + 7 slots: 0x00007ff18a9bd3b1: <offset 0x0000000000f683b1> in /usr/lib/jvm/java-11-openjdk-amd64/lib/server/libjvm.so at 0x00007ff189a55000


---------------  P R O C E S S  ---------------

Threads class SMR info:
_java_thread_list=0x00007ff120001550, length=30, elements={
0x00007ff1840c1800, 0x00007ff1840c3800, 0x00007ff1840ca800, 0x00007ff1840cc800,
0x00007ff1840ce800, 0x00007ff1840d0800, 0x00007ff1840d2800, 0x00007ff184128000,
0x00007ff18412c000, 0x00007ff184132000, 0x00007ff114977000, 0x00007ff1001b9800,
0x00007ff114960800, 0x00007ff114bcc000, 0x00007ff114bd6800, 0x00007ff114be0000,
0x00007ff114be1000, 0x00007ff114be3000, 0x00007ff114be4800, 0x00007ff114be7000,
0x00007ff114be9000, 0x00007ff114beb000, 0x00007ff114bed000, 0x00007ff114bef000,
0x00007ff114bf1000, 0x00007ff114bf4000, 0x00007ff114bfc800, 0x00007ff184018800,
0x00007ff144001800, 0x00007ff110003800
}

Java Threads: ( => current thread )
  0x00007ff1840c1800 JavaThread "Reference Handler" daemon [_thread_blocked, id=11662, stack(0x00007ff14feff000,0x00007ff150000000)]
  0x00007ff1840c3800 JavaThread "Finalizer" daemon [_thread_blocked, id=11663, stack(0x00007ff14fdfe000,0x00007ff14feff000)]
  0x00007ff1840ca800 JavaThread "Signal Dispatcher" daemon [_thread_blocked, id=11664, stack(0x00007ff14ec53000,0x00007ff14ed54000)]
  0x00007ff1840cc800 JavaThread "Service Thread" daemon [_thread_blocked, id=11665, stack(0x00007ff14eb52000,0x00007ff14ec53000)]
  0x00007ff1840ce800 JavaThread "C2 CompilerThread0" daemon [_thread_blocked, id=11666, stack(0x00007ff14ea51000,0x00007ff14eb52000)]
  0x00007ff1840d0800 JavaThread "C1 CompilerThread0" daemon [_thread_blocked, id=11667, stack(0x00007ff14e950000,0x00007ff14ea51000)]
  0x00007ff1840d2800 JavaThread "Sweeper thread" daemon [_thread_blocked, id=11668, stack(0x00007ff14e84f000,0x00007ff14e950000)]
  0x00007ff184128000 JavaThread "JDWP Transport Listener: dt_socket" daemon [_thread_in_native, id=11670, stack(0x00007ff14e74e000,0x00007ff14e84f000)]
  0x00007ff18412c000 JavaThread "JDWP Event Helper Thread" daemon [_thread_blocked, id=11673, stack(0x00007ff14e64d000,0x00007ff14e74e000)]
  0x00007ff184132000 JavaThread "Common-Cleaner" daemon [_thread_blocked, id=11691, stack(0x00007ff14e349000,0x00007ff14e44a000)]
  0x00007ff114977000 JavaThread "Catalina-utility-1" [_thread_blocked, id=11840, stack(0x00007ff14dd40000,0x00007ff14de41000)]
  0x00007ff1001b9800 JavaThread "Catalina-utility-2" [_thread_blocked, id=11841, stack(0x00007ff14cc38000,0x00007ff14cd39000)]
  0x00007ff114960800 JavaThread "container-0" [_thread_blocked, id=11842, stack(0x00007ff14cb37000,0x00007ff14cc38000)]
  0x00007ff114bcc000 JavaThread "File Watcher" daemon [_thread_blocked, id=11859, stack(0x00007ff14c836000,0x00007ff14c937000)]
  0x00007ff114bd6800 JavaThread "Live Reload Server" daemon [_thread_in_native, id=11861, stack(0x00007ff14c535000,0x00007ff14c636000)]
  0x00007ff114be0000 JavaThread "http-nio-8080-exec-1" daemon [_thread_blocked, id=11862, stack(0x00007ff14c434000,0x00007ff14c535000)]
  0x00007ff114be1000 JavaThread "http-nio-8080-exec-2" daemon [_thread_blocked, id=11863, stack(0x00007ff14c333000,0x00007ff14c434000)]
  0x00007ff114be3000 JavaThread "http-nio-8080-exec-3" daemon [_thread_blocked, id=11864, stack(0x00007ff14c232000,0x00007ff14c333000)]
  0x00007ff114be4800 JavaThread "http-nio-8080-exec-4" daemon [_thread_blocked, id=11865, stack(0x00007ff14c131000,0x00007ff14c232000)]
  0x00007ff114be7000 JavaThread "http-nio-8080-exec-5" daemon [_thread_blocked, id=11866, stack(0x00007ff14c030000,0x00007ff14c131000)]
  0x00007ff114be9000 JavaThread "http-nio-8080-exec-6" daemon [_thread_blocked, id=11867, stack(0x00007ff0ffeff000,0x00007ff100000000)]
  0x00007ff114beb000 JavaThread "http-nio-8080-exec-7" daemon [_thread_blocked, id=11868, stack(0x00007ff0ffdfe000,0x00007ff0ffeff000)]
  0x00007ff114bed000 JavaThread "http-nio-8080-exec-8" daemon [_thread_blocked, id=11869, stack(0x00007ff0ffcfd000,0x00007ff0ffdfe000)]
  0x00007ff114bef000 JavaThread "http-nio-8080-exec-9" daemon [_thread_blocked, id=11870, stack(0x00007ff0ffbfc000,0x00007ff0ffcfd000)]
  0x00007ff114bf1000 JavaThread "http-nio-8080-exec-10" daemon [_thread_blocked, id=11871, stack(0x00007ff0ffafb000,0x00007ff0ffbfc000)]
  0x00007ff114bf4000 JavaThread "http-nio-8080-Poller" daemon [_thread_in_native, id=11872, stack(0x00007ff0ff9fa000,0x00007ff0ffafb000)]
  0x00007ff114bfc800 JavaThread "http-nio-8080-Acceptor" daemon [_thread_in_native, id=11873, stack(0x00007ff0ff8f9000,0x00007ff0ff9fa000)]
  0x00007ff184018800 JavaThread "DestroyJavaVM" [_thread_blocked, id=11654, stack(0x00007ff189608000,0x00007ff189709000)]
  0x00007ff144001800 JavaThread "SIGHUP handler" daemon [_thread_blocked, id=22442, stack(0x00007ff14e146000,0x00007ff14e247000)]
=>0x00007ff110003800 JavaThread "SpringApplicationShutdownHook" [_thread_in_vm, id=22444, stack(0x00007ff14e045000,0x00007ff14e146000)]

Other Threads:
  0x00007ff1840bf000 VMThread "VM Thread" [stack: 0x00007ff16405f000,0x00007ff16415f000] [id=11661]
  0x00007ff18412e800 WatcherThread [stack: 0x00007ff14e44c000,0x00007ff14e54c000] [id=11690]
  0x00007ff184030800 GCTaskThread "GC Thread#0" [stack: 0x00007ff18927a000,0x00007ff18937a000] [id=11656]
  0x00007ff154001000 GCTaskThread "GC Thread#1" [stack: 0x00007ff14e249000,0x00007ff14e349000] [id=11719]
  0x00007ff154003800 GCTaskThread "GC Thread#2" [stack: 0x00007ff14df45000,0x00007ff14e045000] [id=11734]
  0x00007ff154005000 GCTaskThread "GC Thread#3" [stack: 0x00007ff14de43000,0x00007ff14df43000] [id=11735]
  0x00007ff18404b000 ConcurrentGCThread "G1 Main Marker" [stack: 0x00007ff1887ad000,0x00007ff1888ad000] [id=11657]
  0x00007ff18404d000 ConcurrentGCThread "G1 Conc#0" [stack: 0x00007ff1886ab000,0x00007ff1887ab000] [id=11658]
  0x00007ff184090800 ConcurrentGCThread "G1 Refine#0" [stack: 0x00007ff1881a5000,0x00007ff1882a5000] [id=11659]
  0x00007ff184092800 ConcurrentGCThread "G1 Young RemSet Sampling" [stack: 0x00007ff1880a3000,0x00007ff1881a3000] [id=11660]

Threads with active compile tasks:

VM state:not at safepoint (normal execution)

VM Mutex/Monitor currently owned by a thread: None

Heap address: 0x00000000c3c00000, size: 964 MB, Compressed Oops mode: 32-bit
Narrow klass base: 0x0000000800000000, Narrow klass shift: 3
Compressed class space size: 1073741824 Address: 0x0000000840000000

Heap:
 garbage-first heap   total 78848K, used 29325K [0x00000000c3c00000, 0x0000000100000000)
  region size 1024K, 14 young (14336K), 3 survivors (3072K)
 Metaspace       used 42200K, capacity 43360K, committed 43856K, reserved 1087488K
  class space    used 4634K, capacity 5105K, committed 5244K, reserved 1048576K
Heap Regions: E=young(eden), S=young(survivor), O=old, HS=humongous(starts), HC=humongous(continues), CS=collection set, F=free, A=archive, TAMS=top-at-mark-start (previous, next)
|   0|0x00000000c3c00000, 0x00000000c3d00000, 0x00000000c3d00000|100%| O|  |TAMS 0x00000000c3d00000, 0x00000000c3c00000| Untracked 
|   1|0x00000000c3d00000, 0x00000000c3e00000, 0x00000000c3e00000|100%| O|  |TAMS 0x00000000c3e00000, 0x00000000c3d00000| Untracked 
|   2|0x00000000c3e00000, 0x00000000c3f00000, 0x00000000c3f00000|100%| O|  |TAMS 0x00000000c3f00000, 0x00000000c3e00000| Untracked 
|   3|0x00000000c3f00000, 0x00000000c4000000, 0x00000000c4000000|100%| O|  |TAMS 0x00000000c4000000, 0x00000000c3f00000| Untracked 
|   4|0x00000000c4000000, 0x00000000c4100000, 0x00000000c4100000|100%| O|  |TAMS 0x00000000c4100000, 0x00000000c4000000| Untracked 
|   5|0x00000000c4100000, 0x00000000c4200000, 0x00000000c4200000|100%| O|  |TAMS 0x00000000c4200000, 0x00000000c4100000| Untracked 
|   6|0x00000000c4200000, 0x00000000c4300000, 0x00000000c4300000|100%| O|  |TAMS 0x00000000c4300000, 0x00000000c4200000| Untracked 
|   7|0x00000000c4300000, 0x00000000c4400000, 0x00000000c4400000|100%| O|  |TAMS 0x00000000c4400000, 0x00000000c4300000| Untracked 
|   8|0x00000000c4400000, 0x00000000c4500000, 0x00000000c4500000|100%| O|  |TAMS 0x00000000c4500000, 0x00000000c4400000| Untracked 
|   9|0x00000000c4500000, 0x00000000c4600000, 0x00000000c4600000|100%| O|  |TAMS 0x00000000c4600000, 0x00000000c4500000| Untracked 
|  10|0x00000000c4600000, 0x00000000c4700000, 0x00000000c4700000|100%| O|  |TAMS 0x00000000c4700000, 0x00000000c4600000| Untracked 
|  11|0x00000000c4700000, 0x00000000c4800000, 0x00000000c4800000|100%| O|  |TAMS 0x00000000c4800000, 0x00000000c4700000| Untracked 
|  12|0x00000000c4800000, 0x00000000c4900000, 0x00000000c4900000|100%| O|  |TAMS 0x00000000c4900000, 0x00000000c4800000| Untracked 
|  13|0x00000000c4900000, 0x00000000c4a00000, 0x00000000c4a00000|100%| O|  |TAMS 0x00000000c4a00000, 0x00000000c4900000| Untracked 
|  14|0x00000000c4a00000, 0x00000000c4af1400, 0x00000000c4b00000| 94%| O|  |TAMS 0x00000000c4af1400, 0x00000000c4a00000| Untracked 
|  15|0x00000000c4b00000, 0x00000000c4b00000, 0x00000000c4c00000|  0%| F|  |TAMS 0x00000000c4b00000, 0x00000000c4b00000| Untracked 
|  16|0x00000000c4c00000, 0x00000000c4c00000, 0x00000000c4d00000|  0%| F|  |TAMS 0x00000000c4c00000, 0x00000000c4c00000| Untracked 
|  17|0x00000000c4d00000, 0x00000000c4d00000, 0x00000000c4e00000|  0%| F|  |TAMS 0x00000000c4d00000, 0x00000000c4d00000| Untracked 
|  18|0x00000000c4e00000, 0x00000000c4e00000, 0x00000000c4f00000|  0%| F|  |TAMS 0x00000000c4e00000, 0x00000000c4e00000| Untracked 
|  19|0x00000000c4f00000, 0x00000000c4f00000, 0x00000000c5000000|  0%| F|  |TAMS 0x00000000c4f00000, 0x00000000c4f00000| Untracked 
|  20|0x00000000c5000000, 0x00000000c5000000, 0x00000000c5100000|  0%| F|  |TAMS 0x00000000c5000000, 0x00000000c5000000| Untracked 
|  21|0x00000000c5100000, 0x00000000c5100000, 0x00000000c5200000|  0%| F|  |TAMS 0x00000000c5100000, 0x00000000c5100000| Untracked 
|  22|0x00000000c5200000, 0x00000000c5200000, 0x00000000c5300000|  0%| F|  |TAMS 0x00000000c5200000, 0x00000000c5200000| Untracked 
|  23|0x00000000c5300000, 0x00000000c5300000, 0x00000000c5400000|  0%| F|  |TAMS 0x00000000c5300000, 0x00000000c5300000| Untracked 
|  24|0x00000000c5400000, 0x00000000c5400000, 0x00000000c5500000|  0%| F|  |TAMS 0x00000000c5400000, 0x00000000c5400000| Untracked 
|  25|0x00000000c5500000, 0x00000000c5500000, 0x00000000c5600000|  0%| F|  |TAMS 0x00000000c5500000, 0x00000000c5500000| Untracked 
|  26|0x00000000c5600000, 0x00000000c5600000, 0x00000000c5700000|  0%| F|  |TAMS 0x00000000c5600000, 0x00000000c5600000| Untracked 
|  27|0x00000000c5700000, 0x00000000c5700000, 0x00000000c5800000|  0%| F|  |TAMS 0x00000000c5700000, 0x00000000c5700000| Untracked 
|  28|0x00000000c5800000, 0x00000000c5800000, 0x00000000c5900000|  0%| F|  |TAMS 0x00000000c5800000, 0x00000000c5800000| Untracked 
|  29|0x00000000c5900000, 0x00000000c5900000, 0x00000000c5a00000|  0%| F|  |TAMS 0x00000000c5900000, 0x00000000c5900000| Untracked 
|  30|0x00000000c5a00000, 0x00000000c5a00000, 0x00000000c5b00000|  0%| F|  |TAMS 0x00000000c5a00000, 0x00000000c5a00000| Untracked 
|  31|0x00000000c5b00000, 0x00000000c5b00000, 0x00000000c5c00000|  0%| F|  |TAMS 0x00000000c5b00000, 0x00000000c5b00000| Untracked 
|  32|0x00000000c5c00000, 0x00000000c5c00000, 0x00000000c5d00000|  0%| F|  |TAMS 0x00000000c5c00000, 0x00000000c5c00000| Untracked 
|  33|0x00000000c5d00000, 0x00000000c5d00000, 0x00000000c5e00000|  0%| F|  |TAMS 0x00000000c5d00000, 0x00000000c5d00000| Untracked 
|  34|0x00000000c5e00000, 0x00000000c5e00000, 0x00000000c5f00000|  0%| F|  |TAMS 0x00000000c5e00000, 0x00000000c5e00000| Untracked 
|  35|0x00000000c5f00000, 0x00000000c5f00000, 0x00000000c6000000|  0%| F|  |TAMS 0x00000000c5f00000, 0x00000000c5f00000| Untracked 
|  36|0x00000000c6000000, 0x00000000c6000000, 0x00000000c6100000|  0%| F|  |TAMS 0x00000000c6000000, 0x00000000c6000000| Untracked 
|  37|0x00000000c6100000, 0x00000000c6200000, 0x00000000c6200000|100%| S|CS|TAMS 0x00000000c6100000, 0x00000000c6100000| Complete 
|  38|0x00000000c6200000, 0x00000000c6300000, 0x00000000c6300000|100%| S|CS|TAMS 0x00000000c6200000, 0x00000000c6200000| Complete 
|  39|0x00000000c6300000, 0x00000000c6400000, 0x00000000c6400000|100%| S|CS|TAMS 0x00000000c6300000, 0x00000000c6300000| Complete 
|  40|0x00000000c6400000, 0x00000000c6400000, 0x00000000c6500000|  0%| F|  |TAMS 0x00000000c6400000, 0x00000000c6400000| Untracked 
|  41|0x00000000c6500000, 0x00000000c6500000, 0x00000000c6600000|  0%| F|  |TAMS 0x00000000c6500000, 0x00000000c6500000| Untracked 
|  42|0x00000000c6600000, 0x00000000c6600000, 0x00000000c6700000|  0%| F|  |TAMS 0x00000000c6600000, 0x00000000c6600000| Untracked 
|  43|0x00000000c6700000, 0x00000000c6700000, 0x00000000c6800000|  0%| F|  |TAMS 0x00000000c6700000, 0x00000000c6700000| Untracked 
|  44|0x00000000c6800000, 0x00000000c6800000, 0x00000000c6900000|  0%| F|  |TAMS 0x00000000c6800000, 0x00000000c6800000| Untracked 
|  45|0x00000000c6900000, 0x00000000c6900000, 0x00000000c6a00000|  0%| F|  |TAMS 0x00000000c6900000, 0x00000000c6900000| Untracked 
|  46|0x00000000c6a00000, 0x00000000c6a00000, 0x00000000c6b00000|  0%| F|  |TAMS 0x00000000c6a00000, 0x00000000c6a00000| Untracked 
|  47|0x00000000c6b00000, 0x00000000c6b00000, 0x00000000c6c00000|  0%| F|  |TAMS 0x00000000c6b00000, 0x00000000c6b00000| Untracked 
|  48|0x00000000c6c00000, 0x00000000c6c00000, 0x00000000c6d00000|  0%| F|  |TAMS 0x00000000c6c00000, 0x00000000c6c00000| Untracked 
|  49|0x00000000c6d00000, 0x00000000c6d00000, 0x00000000c6e00000|  0%| F|  |TAMS 0x00000000c6d00000, 0x00000000c6d00000| Untracked 
|  50|0x00000000c6e00000, 0x00000000c6e00000, 0x00000000c6f00000|  0%| F|  |TAMS 0x00000000c6e00000, 0x00000000c6e00000| Untracked 
|  51|0x00000000c6f00000, 0x00000000c6f00000, 0x00000000c7000000|  0%| F|  |TAMS 0x00000000c6f00000, 0x00000000c6f00000| Untracked 
|  52|0x00000000c7000000, 0x00000000c7000000, 0x00000000c7100000|  0%| F|  |TAMS 0x00000000c7000000, 0x00000000c7000000| Untracked 
|  53|0x00000000c7100000, 0x00000000c7100000, 0x00000000c7200000|  0%| F|  |TAMS 0x00000000c7100000, 0x00000000c7100000| Untracked 
|  54|0x00000000c7200000, 0x00000000c7200000, 0x00000000c7300000|  0%| F|  |TAMS 0x00000000c7200000, 0x00000000c7200000| Untracked 
|  55|0x00000000c7300000, 0x00000000c7300000, 0x00000000c7400000|  0%| F|  |TAMS 0x00000000c7300000, 0x00000000c7300000| Untracked 
|  56|0x00000000c7400000, 0x00000000c7400000, 0x00000000c7500000|  0%| F|  |TAMS 0x00000000c7400000, 0x00000000c7400000| Untracked 
|  57|0x00000000c7500000, 0x00000000c7500000, 0x00000000c7600000|  0%| F|  |TAMS 0x00000000c7500000, 0x00000000c7500000| Untracked 
|  58|0x00000000c7600000, 0x00000000c7600000, 0x00000000c7700000|  0%| F|  |TAMS 0x00000000c7600000, 0x00000000c7600000| Untracked 
|  59|0x00000000c7700000, 0x00000000c7700000, 0x00000000c7800000|  0%| F|  |TAMS 0x00000000c7700000, 0x00000000c7700000| Untracked 
|  60|0x00000000c7800000, 0x00000000c7800000, 0x00000000c7900000|  0%| F|  |TAMS 0x00000000c7800000, 0x00000000c7800000| Untracked 
|  61|0x00000000c7900000, 0x00000000c7900000, 0x00000000c7a00000|  0%| F|  |TAMS 0x00000000c7900000, 0x00000000c7900000| Untracked 
|  62|0x00000000c7a00000, 0x00000000c7a00000, 0x00000000c7b00000|  0%| F|  |TAMS 0x00000000c7a00000, 0x00000000c7a00000| Untracked 
|  63|0x00000000c7b00000, 0x00000000c7b00000, 0x00000000c7c00000|  0%| F|  |TAMS 0x00000000c7b00000, 0x00000000c7b00000| Untracked 
|  64|0x00000000c7c00000, 0x00000000c7c312d0, 0x00000000c7d00000| 19%| E|  |TAMS 0x00000000c7c00000, 0x00000000c7c00000| Complete 
|  65|0x00000000c7d00000, 0x00000000c7e00000, 0x00000000c7e00000|100%| E|CS|TAMS 0x00000000c7d00000, 0x00000000c7d00000| Complete 
|  66|0x00000000c7e00000, 0x00000000c7f00000, 0x00000000c7f00000|100%| E|CS|TAMS 0x00000000c7e00000, 0x00000000c7e00000| Complete 
|  67|0x00000000c7f00000, 0x00000000c8000000, 0x00000000c8000000|100%| E|CS|TAMS 0x00000000c7f00000, 0x00000000c7f00000| Complete 
|  68|0x00000000c8000000, 0x00000000c8100000, 0x00000000c8100000|100%| E|CS|TAMS 0x00000000c8000000, 0x00000000c8000000| Complete 
|  69|0x00000000c8100000, 0x00000000c8200000, 0x00000000c8200000|100%| E|CS|TAMS 0x00000000c8100000, 0x00000000c8100000| Complete 
|  70|0x00000000c8200000, 0x00000000c8300000, 0x00000000c8300000|100%| E|CS|TAMS 0x00000000c8200000, 0x00000000c8200000| Complete 
|  71|0x00000000c8300000, 0x00000000c8400000, 0x00000000c8400000|100%| E|CS|TAMS 0x00000000c8300000, 0x00000000c8300000| Complete 
|  72|0x00000000c8400000, 0x00000000c8500000, 0x00000000c8500000|100%| E|CS|TAMS 0x00000000c8400000, 0x00000000c8400000| Complete 
|  73|0x00000000c8500000, 0x00000000c8600000, 0x00000000c8600000|100%| E|CS|TAMS 0x00000000c8500000, 0x00000000c8500000| Complete 
|  74|0x00000000c8600000, 0x00000000c8700000, 0x00000000c8700000|100%| E|CS|TAMS 0x00000000c8600000, 0x00000000c8600000| Complete 
| 962|0x00000000ffe00000, 0x00000000ffe47000, 0x00000000fff00000| 27%|OA|  |TAMS 0x00000000ffe47000, 0x00000000ffe00000| Untracked 
| 963|0x00000000fff00000, 0x00000000fff6b000, 0x0000000100000000| 41%|CA|  |TAMS 0x00000000fff6b000, 0x00000000fff00000| Untracked 

Card table byte_map: [0x00007ff188ab0000,0x00007ff188c92000] _byte_map_base: 0x00007ff188492000

Marking Bits (Prev, Next): (CMBitMap*) 0x00007ff184046780, (CMBitMap*) 0x00007ff184046748
 Prev Bits: [0x00007ff1661e0000, 0x00007ff1670f0000)
 Next Bits: [0x00007ff1670f0000, 0x00007ff168000000)

Polling page: 0x00007ff18af3b000

Metaspace:

Usage:
  Non-class:  